**********************
Inicio de la transcripción de Windows PowerShell
Hora de inicio: 20260408073918
Nombre de usuario: NITRO\ivanm
Usuario RunAs: NITRO\ivanm
Nombre de la configuración: 
Máquina: NITRO (Microsoft Windows NT 10.0.26200.0)
Aplicación host: C:\WINDOWS\System32\WindowsPowerShell\v1.0\powershell.exe -NoProfile -ExecutionPolicy Bypass -Command Import-Module 'c:\Users\ivanm\.vscode\extensions\ms-vscode.powershell-2025.4.0\modules\PowerShellEditorServices\PowerShellEditorServices.psd1'; Start-EditorServices -HostName 'Visual Studio Code Host' -HostProfileId 'Microsoft.VSCode' -HostVersion '2025.4.0' -BundledModulesPath 'c:\Users\ivanm\.vscode\extensions\ms-vscode.powershell-2025.4.0\modules' -EnableConsoleRepl -StartupBanner "PowerShell Extension v2025.4.0
Copyright (c) Microsoft Corporation.

https://aka.ms/vscode-powershell
Type 'help' to get help.
" -LogLevel 'Warning' -LogPath 'c:\Users\ivanm\AppData\Roaming\Code\logs\20260408T014621\window2\exthost\ms-vscode.powershell' -SessionDetailsPath 'c:\Users\ivanm\AppData\Roaming\Code\User\globalStorage\ms-vscode.powershell\sessions\PSES-VSCode-7116-203469.json' -FeatureFlags @() 
Id. de proceso: 20796
PSVersion: 5.1.26100.7920
PSEdition: Desktop
PSCompatibleVersions: 1.0, 2.0, 3.0, 4.0, 5.0, 5.1.26100.7920
BuildVersion: 10.0.26100.7920
CLRVersion: 4.0.30319.42000
WSManStackVersion: 3.0
PSRemotingProtocolVersion: 2.3
SerializationVersion: 1.1.0.1
**********************
[INFO] Log de ejecucion: D:\powerfulcontrolsystem\scripts\logs\actualizar_repositorio-20260408-073918.log

==> 3/8 Revisando .gitignore
[INFO] .gitignore ya existe.

==> 4/8 Preparando cambios para commit
warning: in the working copy of 'backend/handlers/roles_tipos_u
suario_permisos_test.go', LF will be replaced by CRLF the next
time Git touches it
warning: in the working copy of 'backend/handlers/soporte_remot
o_test.go', LF will be replaced by CRLF the next time Git touch
es it
[INFO] Archivos detectados para commit: 67

==> 5/8 Creando commit principal
[OK] Commit principal creado: 0187581

==> 6/8 Subiendo commit principal a GitHub
[INFO] Remoto origin: https://github.com/powerfulcontrolsystem/powerfulcontrolsystem
[INFO] [commit principal] Ejecutando: git push -u origin HEAD
[OK] Push principal completado (modo: normal).

==> 7/8 Actualizando bitacoras del repositorio
[INFO] Se actualizo documentos/historial_de_cambios
[INFO] Se actualizo documentos/actualizaciones_del_repositorio.md
[OK] Commit de bitacoras creado: e576017
[INFO] [bitacoras automaticas] Ejecutando: git push origin HEAD
[OK] Push de bitacoras completado (modo: normal).

==> 8/8 Resumen final
[OK] Commit principal en remoto: 0187581
[OK] Commit de bitacoras en remoto: e576017
[INFO] Mensaje usado: Actualizacion automatica desde script: anadir/actualizar archivos
[INFO] Rama: main
[INFO] Remoto: https://github.com/powerfulcontrolsystem/powerfulcontrolsystem
[OK] Operacion completada con exito.
**********************
Fin de la transcripción de Windows PowerShell
Hora de finalización: 20260408073945
**********************
